línea 0
línea 1
línea 2
línea 3
línea 4
línea 5
línea 6
línea 7
línea 8
línea 9
línea 10
línea 11
línea 12
línea 13
línea 14
línea 15
línea 16
línea 17
línea 18
línea 19
línea 20
línea 21
línea 22
línea 23
línea 24
línea 25
línea 26
línea 27
línea 28
línea 29
línea 30
línea 31
línea 32
línea 33
línea 34
línea 35
línea 36
línea 37
línea 38
línea 39
línea 40
línea 41
línea 42
línea 43
línea 44
línea 45
línea 46
línea 47
línea 48
línea 49
línea 50
línea 51
línea 52
línea 53
línea 54
línea 55
línea 56
línea 57
línea 58
línea 59
línea 60
línea 61
línea 62
línea 63
línea 64
línea 65
línea 66
línea 67
línea 68
línea 69
línea 70
línea 71
línea 72
línea 73
línea 74
línea 75
línea 76
línea 77
línea 78
línea 79
línea 80
línea 81
línea 82
línea 83
línea 84
línea 85
línea 86
línea 87
línea 88
línea 89
línea 90
línea 91
línea 92
línea 93
línea 94
línea 95
línea 96
línea 97
línea 98
línea 99
línea 100
línea 101
línea 102
línea 103
línea 104
línea 105
línea 106
línea 107
línea 108
línea 109
línea 110
línea 111
línea 112
línea 113
línea 114
línea 115
línea 116
línea 117
línea 118
línea 119
línea 120
línea 121
línea 122
línea 123
línea 124
línea 125
línea 126
línea 127
línea 128
línea 129
línea 130
línea 131
línea 132
línea 133
línea 134
línea 135
línea 136
línea 137
línea 138
línea 139
línea 140
línea 141
línea 142
línea 143
línea 144
línea 145
línea 146
línea 147
línea 148
línea 149
línea 150
línea 151
línea 152
línea 153
línea 154
línea 155
línea 156
línea 157
línea 158
línea 159
línea 160
línea 161
línea 162
línea 163
línea 164
línea 165
línea 166
línea 167
línea 168
línea 169
línea 170
línea 171
línea 172
línea 173
línea 174
línea 175
línea 176
línea 177
línea 178
línea 179
línea 180
línea 181
línea 182
línea 183
línea 184
línea 185
línea 186
línea 187
línea 188
línea 189
línea 190
línea 191
línea 192
línea 193
línea 194
línea 195
línea 196
línea 197
línea 198
línea 199
línea 200
línea 201
línea 202
línea 203
línea 204
línea 205
línea 206
línea 207
línea 208
línea 209
línea 210
línea 211
línea 212
línea 213
línea 214
línea 215
línea 216
línea 217
línea 218
línea 219
línea 220
línea 221
línea 222
línea 223
línea 224
línea 225
línea 226
línea 227
línea 228
línea 229
línea 230
línea 231
línea 232
línea 233
línea 234
línea 235
línea 236
línea 237
línea 238
línea 239
línea 240
línea 241
línea 242
línea 243
línea 244
línea 245
línea 246
línea 247
línea 248
línea 249
línea 250
línea 251
línea 252
línea 253
línea 254
línea 255
línea 256
línea 257
línea 258
línea 259
línea 260
línea 261
línea 262
línea 263
línea 264
línea 265
línea 266
línea 267
línea 268
línea 269
línea 270
línea 271
línea 272
línea 273
línea 274
línea 275
línea 276
línea 277
línea 278
línea 279
línea 280
línea 281
línea 282
línea 283
línea 284
línea 285
línea 286
línea 287
línea 288
línea 289
línea 290
línea 291
línea 292
línea 293
línea 294
línea 295
línea 296
línea 297
línea 298
línea 299
línea 300
línea 301
línea 302
línea 303
línea 304
línea 305
línea 306
línea 307
línea 308
línea 309
línea 310
línea 311
línea 312
línea 313
línea 314
línea 315
línea 316
línea 317
línea 318
línea 319
línea 320
línea 321
línea 322
línea 323
línea 324
línea 325
línea 326
línea 327
línea 328
línea 329
línea 330
línea 331
línea 332
línea 333
línea 334
línea 335
línea 336
línea 337
línea 338
línea 339
línea 340
línea 341
línea 342
línea 343
línea 344
línea 345
línea 346
línea 347
línea 348
línea 349
línea 350
línea 351
línea 352
línea 353
línea 354
línea 355
línea 356
línea 357
línea 358
línea 359
línea 360
línea 361
línea 362
línea 363
línea 364
línea 365
línea 366
línea 367
línea 368
línea 369
línea 370
línea 371
línea 372
línea 373
línea 374
línea 375
línea 376
línea 377
línea 378
línea 379
línea 380
línea 381
línea 382
línea 383
línea 384
línea 385
línea 386
línea 387
línea 388
línea 389
línea 390
línea 391
línea 392
línea 393
línea 394
línea 395
línea 396
línea 397
línea 398
línea 399
línea 400
línea 401
línea 402
línea 403
línea 404
línea 405
línea 406
línea 407
línea 408
línea 409
línea 410
línea 411
línea 412
línea 413
línea 414
línea 415
línea 416
línea 417
línea 418
línea 419
línea 420
línea 421
línea 422
línea 423
línea 424
línea 425
línea 426
línea 427
línea 428
línea 429
línea 430
línea 431
línea 432
línea 433
línea 434
línea 435
línea 436
línea 437
línea 438
línea 439
línea 440
línea 441
línea 442
línea 443
línea 444
línea 445
línea 446
línea 447
línea 448
línea 449
línea 450
línea 451
línea 452
línea 453
línea 454
línea 455
línea 456
línea 457
línea 458
línea 459
línea 460
línea 461
línea 462
línea 463
línea 464
línea 465
línea 466
línea 467
línea 468
línea 469
línea 470
línea 471
línea 472
línea 473
línea 474
línea 475
línea 476
línea 477
línea 478
línea 479
línea 480
línea 481
línea 482
línea 483
línea 484
línea 485
línea 486
línea 487
línea 488
línea 489
línea 490
línea 491
línea 492
línea 493
línea 494
línea 495
línea 496
línea 497
línea 498
línea 499
línea 500
línea 501
línea 502
línea 503
línea 504
línea 505
línea 506
línea 507
línea 508
línea 509
línea 510
línea 511
línea 512
línea 513
línea 514
línea 515
línea 516
línea 517
línea 518
línea 519
línea 520
línea 521
línea 522
línea 523
línea 524
línea 525
línea 526
línea 527
línea 528
línea 529
línea 530
línea 531
línea 532
línea 533
línea 534
línea 535
línea 536
línea 537
línea 538
línea 539
línea 540
línea 541
línea 542
línea 543
línea 544
línea 545
línea 546
línea 547
línea 548
línea 549
línea 550
línea 551
línea 552
línea 553
línea 554
línea 555
línea 556
línea 557
línea 558
línea 559
línea 560
línea 561
línea 562
línea 563
línea 564
línea 565
línea 566
línea 567
línea 568
línea 569
línea 570
línea 571
línea 572
línea 573
línea 574
línea 575
línea 576
línea 577
línea 578
línea 579
línea 580
línea 581
línea 582
línea 583
línea 584
línea 585
línea 586
línea 587
línea 588
línea 589
línea 590
línea 591
línea 592
línea 593
línea 594
línea 595
línea 596
línea 597
línea 598
línea 599
línea 600
línea 601
línea 602
línea 603
línea 604
línea 605
línea 606
línea 607
línea 608
línea 609
línea 610
línea 611
línea 612
línea 613
línea 614
línea 615
línea 616
línea 617
línea 618
línea 619
línea 620
línea 621
línea 622
línea 623
línea 624
línea 625
línea 626
línea 627
línea 628
línea 629
línea 630
línea 631
línea 632
línea 633
línea 634
línea 635
línea 636
línea 637
línea 638
línea 639
línea 640
línea 641
línea 642
línea 643
línea 644
línea 645
línea 646
línea 647
línea 648
línea 649
línea 650
línea 651
línea 652
línea 653
línea 654
línea 655
línea 656
línea 657
línea 658
línea 659
línea 660
línea 661
línea 662
línea 663
línea 664
línea 665
línea 666
línea 667
línea 668
línea 669
línea 670
línea 671
línea 672
línea 673
línea 674
línea 675
línea 676
línea 677
línea 678
línea 679
línea 680
línea 681
línea 682
línea 683
línea 684
línea 685
línea 686
línea 687
línea 688
línea 689
línea 690
línea 691
línea 692
línea 693
línea 694
línea 695
línea 696
línea 697
línea 698
línea 699
línea 700
línea 701
línea 702
línea 703
línea 704
línea 705
línea 706
línea 707
línea 708
línea 709
línea 710
línea 711
línea 712
línea 713
línea 714
línea 715
línea 716
línea 717
línea 718
línea 719
línea 720
línea 721
línea 722
línea 723
línea 724
línea 725
línea 726
línea 727
línea 728
línea 729
línea 730
línea 731
línea 732
línea 733
línea 734
línea 735
línea 736
línea 737
línea 738
línea 739
línea 740
línea 741
línea 742
línea 743
línea 744
línea 745
línea 746
línea 747
línea 748
línea 749
línea 750
línea 751
línea 752
línea 753
línea 754
línea 755
línea 756
línea 757
línea 758
línea 759
línea 760
línea 761
línea 762
línea 763
línea 764
línea 765
línea 766
línea 767
línea 768
línea 769
línea 770
línea 771
línea 772
línea 773
línea 774
línea 775
línea 776
línea 777
línea 778
línea 779
línea 780
línea 781
línea 782
línea 783
línea 784
línea 785
línea 786
línea 787
línea 788
línea 789
línea 790
línea 791
línea 792
línea 793
línea 794
línea 795
línea 796
línea 797
línea 798
línea 799
línea 800
línea 801
línea 802
línea 803
línea 804
línea 805
línea 806
línea 807
línea 808
línea 809
línea 810
línea 811
línea 812
línea 813
línea 814
línea 815
línea 816
línea 817
línea 818
línea 819
línea 820
línea 821
línea 822
línea 823
línea 824
línea 825
línea 826
línea 827
línea 828
línea 829
línea 830
línea 831
línea 832
línea 833
línea 834
línea 835
línea 836
línea 837
línea 838
línea 839
línea 840
línea 841
línea 842
línea 843
línea 844
línea 845
línea 846
línea 847
línea 848
línea 849
línea 850
línea 851
línea 852
línea 853
línea 854
línea 855
línea 856
línea 857
línea 858
línea 859
línea 860
línea 861
línea 862
línea 863
línea 864
línea 865
línea 866
línea 867
línea 868
línea 869
línea 870
línea 871
línea 872
línea 873
línea 874
línea 875
línea 876
línea 877
línea 878
línea 879
línea 880
línea 881
línea 882
línea 883
línea 884
línea 885
línea 886
línea 887
línea 888
línea 889
línea 890
línea 891
línea 892
línea 893
línea 894
línea 895
línea 896
línea 897
línea 898
línea 899
línea 900
línea 901
línea 902
línea 903
línea 904
línea 905
línea 906
línea 907
línea 908
línea 909
línea 910
línea 911
línea 912
línea 913
línea 914
línea 915
línea 916
línea 917
línea 918
línea 919
línea 920
línea 921
línea 922
línea 923
línea 924
línea 925
línea 926
línea 927
línea 928
línea 929
línea 930
línea 931
línea 932
línea 933
línea 934
línea 935
línea 936
línea 937
línea 938
línea 939
línea 940
línea 941
línea 942
línea 943
línea 944
línea 945
línea 946
línea 947
línea 948
línea 949
línea 950
línea 951
línea 952
línea 953
línea 954
línea 955
línea 956
línea 957
línea 958
línea 959
línea 960
línea 961
línea 962
línea 963
línea 964
línea 965
línea 966
línea 967
línea 968
línea 969
línea 970
línea 971
línea 972
línea 973
línea 974
línea 975
línea 976
línea 977
línea 978
línea 979
línea 980
línea 981
línea 982
línea 983
línea 984
línea 985
línea 986
línea 987
línea 988
línea 989
línea 990
línea 991
línea 992
línea 993
línea 994
línea 995
línea 996
línea 997
línea 998
línea 999
